9/14/2021, 12:34:51 PM - INFO - Server is running on port: 3030
9/14/2021, 12:42:49 PM - INFO - Server is running on port: 3030
9/14/2021, 12:47:44 PM - INFO - Server is running on port: 3030
9/14/2021, 12:47:55 PM - INFO - Server is running on port: 3030
9/14/2021, 12:55:49 PM - INFO - Server is running on port: 3030
9/14/2021, 12:56:00 PM - INFO - Server is running on port: 3030
9/14/2021, 12:56:05 PM - INFO - Server is running on port: 3030
9/14/2021, 12:56:27 PM - INFO - Server is running on port: 3030
9/14/2021, 12:56:38 PM - INFO - Req!!!
9/14/2021, 12:57:17 PM - INFO - Server is running on port: 3030
14.9.2021, 17:40:51 - INFO - Server is running on port: 3030
14.9.2021, 17:42:19 - INFO - Req!!!
14.9.2021, 17:58:32 - INFO - Req!!!
14.9.2021, 17:58:47 - INFO - Req!!!
14.9.2021, 17:58:50 - INFO - Req!!!
14.9.2021, 18:14:32 - INFO - Req!!!
14.9.2021, 19:08:37 - INFO - Req!!!
14.9.2021, 19:26:00 - INFO - Req!!!
14.9.2021, 19:27:24 - INFO - Req!!!
14.9.2021, 19:27:26 - INFO - Server is running on port: 3030
14.9.2021, 19:27:35 - INFO - Req!!!
14.9.2021, 19:42:53 - INFO - Req!!!
14.9.2021, 19:42:59 - INFO - Req!!!
14.9.2021, 19:50:37 - INFO - Server is running on port: 3030
14.9.2021, 19:56:42 - INFO - Server is running on port: 3030
14.9.2021, 19:56:57 - INFO - Req!!!
14.9.2021, 19:56:59 - INFO - Req!!!
14.9.2021, 19:57:12 - INFO - Req!!!
14.9.2021, 20:02:01 - INFO - Server is running on port: 3030
14.9.2021, 20:02:24 - INFO - Req!!!
14.9.2021, 20:02:24 - ERROR - cannot remove wish undefined | {}
14.9.2021, 20:02:24 - ERROR - Failed to remove wish | {}
14.9.2021, 20:02:32 - INFO - Req!!!
14.9.2021, 20:02:40 - ERROR - cannot remove wish undefined | {}
14.9.2021, 20:02:40 - ERROR - Failed to remove wish | {}
14.9.2021, 20:02:40 - INFO - Req!!!
14.9.2021, 20:05:38 - ERROR - cannot remove wish undefined | {}
14.9.2021, 20:05:38 - ERROR - Failed to remove wish | {}
14.9.2021, 20:05:38 - INFO - Req!!!
14.9.2021, 20:05:45 - ERROR - cannot remove wish undefined | {}
14.9.2021, 20:05:45 - ERROR - Failed to remove wish | {}
14.9.2021, 20:05:45 - INFO - Req!!!
14.9.2021, 20:18:36 - INFO - Server is running on port: 3030
14.9.2021, 20:19:46 - INFO - Req!!!
14.9.2021, 20:19:52 - ERROR - cannot remove wish undefined | {}
14.9.2021, 20:19:52 - ERROR - Failed to remove wish | {}
14.9.2021, 20:19:52 - INFO - Req!!!
14.9.2021, 20:20:21 - INFO - Server is running on port: 3030
14.9.2021, 20:20:30 - INFO - Req!!!
14.9.2021, 20:22:26 - INFO - Req!!!
14.9.2021, 20:22:29 - ERROR - cannot remove wish undefined | {}
14.9.2021, 20:22:29 - ERROR - Failed to remove wish | {}
14.9.2021, 20:22:29 - INFO - Req!!!
14.9.2021, 20:22:43 - ERROR - while finding wish undefined | {}
14.9.2021, 20:22:43 - ERROR - Failed to get wish | {}
14.9.2021, 20:22:51 - ERROR - while finding wish undefined | {}
14.9.2021, 20:22:51 - ERROR - Failed to get wish | {}
14.9.2021, 20:23:43 - INFO - Req!!!
14.9.2021, 20:24:57 - ERROR - cannot remove wish 6140d464432a120f18e7569a120
 | {}
14.9.2021, 20:24:57 - ERROR - Failed to remove wish | {}
14.9.2021, 20:28:59 - INFO - Server is running on port: 3030
14.9.2021, 20:33:58 - INFO - Req!!!
14.9.2021, 20:33:58 - ERROR - cannot remove wish undefined | {}
14.9.2021, 20:33:58 - ERROR - Failed to remove wish | {}
14.9.2021, 20:34:14 - INFO - Server is running on port: 3030
14.9.2021, 20:34:25 - INFO - Server is running on port: 3030
14.9.2021, 20:34:29 - INFO - Req!!!
14.9.2021, 20:34:31 - ERROR - cannot remove wish undefined | {}
14.9.2021, 20:34:31 - INFO - Req!!!
14.9.2021, 20:38:33 - INFO - Server is running on port: 3030
14.9.2021, 20:44:25 - INFO - Req!!!
14.9.2021, 20:44:25 - ERROR - cannot remove wish undefined | {}
14.9.2021, 20:44:25 - ERROR - Failed to remove wish | {}
14.9.2021, 20:53:10 - INFO - Server is running on port: 3030
14.9.2021, 20:53:12 - INFO - Server is running on port: 3030
14.9.2021, 20:55:54 - INFO - Server is running on port: 3030
14.9.2021, 20:57:17 - INFO - Req!!!
14.9.2021, 21:01:48 - ERROR - cannot remove wish undefined | {}
14.9.2021, 21:01:48 - ERROR - Failed to remove wish | {}
14.9.2021, 21:01:48 - INFO - Req!!!
14.9.2021, 21:01:51 - INFO - Req!!!
14.9.2021, 21:01:58 - ERROR - cannot remove wish undefined | {}
14.9.2021, 21:01:58 - ERROR - Failed to remove wish | {}
14.9.2021, 21:01:58 - INFO - Req!!!
14.9.2021, 21:04:11 - INFO - Req!!!
14.9.2021, 21:04:14 - INFO - Req!!!
14.9.2021, 21:04:19 - INFO - Req!!!
14.9.2021, 21:04:22 - ERROR - while finding wish undefined | {}
14.9.2021, 21:04:22 - ERROR - Failed to get wish | {}
14.9.2021, 21:04:37 - INFO - Req!!!
14.9.2021, 21:04:38 - INFO - Req!!!
14.9.2021, 21:05:48 - INFO - Req!!!
14.9.2021, 21:05:53 - INFO - Req!!!
14.9.2021, 21:05:54 - INFO - Req!!!
14.9.2021, 21:05:55 - INFO - Req!!!
14.9.2021, 21:22:17 - INFO - Req!!!
14.9.2021, 21:22:22 - INFO - Req!!!
14.9.2021, 21:22:23 - INFO - Req!!!
14.9.2021, 21:22:39 - INFO - Req!!!
14.9.2021, 21:22:40 - INFO - Req!!!
14.9.2021, 21:22:43 - INFO - Req!!!
14.9.2021, 21:29:28 - INFO - Req!!!
14.9.2021, 21:30:56 - INFO - Req!!!
14.9.2021, 21:35:54 - INFO - Req!!!
14.9.2021, 21:36:37 - INFO - Req!!!
14.9.2021, 21:36:37 - INFO - Req!!!
14.9.2021, 21:36:37 - INFO - Req!!!
14.9.2021, 21:36:46 - INFO - Server is running on port: 3030
14.9.2021, 21:37:08 - INFO - Req!!!
14.9.2021, 21:41:01 - INFO - Server is running on port: 3030
14.9.2021, 21:41:10 - INFO - Req!!!
14.9.2021, 21:41:38 - INFO - Server is running on port: 3030
14.9.2021, 21:42:03 - INFO - Req!!!
14.9.2021, 21:43:16 - INFO - Server is running on port: 3030
14.9.2021, 21:43:20 - ERROR - while finding wish [object Object] | {}
14.9.2021, 21:43:20 - ERROR - Failed to get wish | {}
14.9.2021, 21:44:01 - INFO - Server is running on port: 3030
14.9.2021, 21:44:17 - INFO - Server is running on port: 3030
14.9.2021, 21:44:37 - INFO - Server is running on port: 3030
14.9.2021, 21:44:52 - INFO - Server is running on port: 3030
14.9.2021, 21:45:06 - INFO - Server is running on port: 3030
14.9.2021, 21:50:33 - INFO - Req!!!
14.9.2021, 21:50:45 - INFO - Req!!!
14.9.2021, 21:50:49 - INFO - Req!!!
14.9.2021, 22:05:00 - INFO - Req!!!
14.9.2021, 22:05:08 - INFO - Req!!!
14.9.2021, 22:06:34 - INFO - Req!!!
14.9.2021, 22:07:29 - INFO - Req!!!
14.9.2021, 22:07:29 - ERROR - cannot remove wish undefined | {}
14.9.2021, 22:07:29 - ERROR - Failed to remove wish | {}
14.9.2021, 22:07:35 - INFO - Req!!!
14.9.2021, 22:23:36 - INFO - Req!!!
14.9.2021, 22:23:49 - INFO - Req!!!
14.9.2021, 22:23:58 - INFO - Req!!!
14.9.2021, 22:24:29 - INFO - Server is running on port: 3030
14.9.2021, 22:25:14 - INFO - Req!!!
14.9.2021, 22:25:28 - INFO - Server is running on port: 3030
14.9.2021, 22:25:32 - INFO - Req!!!
14.9.2021, 22:27:22 - INFO - Server is running on port: 3030
14.9.2021, 22:27:25 - ERROR - while finding wish [object Object] | {}
14.9.2021, 22:27:25 - ERROR - Failed to get wish | {}
14.9.2021, 22:27:59 - INFO - Server is running on port: 3030
14.9.2021, 22:32:16 - INFO - Req!!!
14.9.2021, 22:33:42 - INFO - Req!!!
14.9.2021, 22:38:09 - INFO - Server is running on port: 3030
14.9.2021, 22:38:12 - INFO - Req!!!
14.9.2021, 22:38:20 - INFO - Req!!!
14.9.2021, 22:39:30 - INFO - Server is running on port: 3030
14.9.2021, 22:41:30 - INFO - Req!!!
14.9.2021, 22:41:35 - INFO - Req!!!
14.9.2021, 22:41:41 - ERROR - Failed to update wish | {}
14.9.2021, 22:41:43 - INFO - Req!!!
14.9.2021, 22:41:47 - INFO - Req!!!
14.9.2021, 22:41:58 - INFO - Server is running on port: 3030
14.9.2021, 22:42:01 - INFO - Req!!!
14.9.2021, 22:42:09 - ERROR - Failed to update wish | {}
14.9.2021, 22:43:36 - INFO - Req!!!
14.9.2021, 22:43:37 - INFO - Req!!!
14.9.2021, 22:43:44 - ERROR - Failed to update wish | {}
14.9.2021, 22:43:45 - INFO - Req!!!
14.9.2021, 22:43:53 - INFO - Req!!!
14.9.2021, 22:44:04 - INFO - Server is running on port: 3030
14.9.2021, 22:44:16 - INFO - Req!!!
14.9.2021, 22:44:24 - ERROR - Failed to update wish | {}
14.9.2021, 22:45:20 - ERROR - Failed to update wish | {}
14.9.2021, 22:45:39 - INFO - Req!!!
14.9.2021, 22:45:57 - ERROR - Failed to update wish | {}
14.9.2021, 22:47:09 - INFO - Server is running on port: 3030
14.9.2021, 22:47:31 - ERROR - Failed to update wish | {}
14.9.2021, 22:47:34 - INFO - Req!!!
14.9.2021, 22:47:38 - INFO - Req!!!
14.9.2021, 22:48:26 - INFO - Server is running on port: 3030
14.9.2021, 22:48:29 - INFO - Req!!!
14.9.2021, 22:48:37 - ERROR - Failed to update wish | {}
14.9.2021, 23:22:24 - INFO - Server is running on port: 3030
14.9.2021, 23:22:33 - ERROR - Failed to update wish | {}
14.9.2021, 23:22:44 - INFO - Server is running on port: 3030
14.9.2021, 23:22:56 - ERROR - Failed to update wish | {}
14.9.2021, 23:32:25 - ERROR - Failed to update wish | {}
14.9.2021, 23:32:29 - INFO - Req!!!
14.9.2021, 23:32:40 - INFO - Req!!!
14.9.2021, 23:32:43 - INFO - Req!!!
14.9.2021, 23:50:44 - INFO - Server is running on port: 3030
14.9.2021, 23:51:40 - INFO - Req!!!
14.9.2021, 23:52:10 - ERROR - Failed to update wish | {}
14.9.2021, 23:55:50 - INFO - Req!!!
14.9.2021, 23:56:05 - ERROR - Failed to update wish | {}
14.9.2021, 23:56:48 - INFO - Req!!!
14.9.2021, 23:56:58 - ERROR - Failed to update wish | {}
15.9.2021, 0:01:01 - INFO - Server is running on port: 3030
15.9.2021, 0:01:15 - INFO - Server is running on port: 3030
15.9.2021, 0:01:28 - ERROR - Failed to update wish | {}
15.9.2021, 0:01:54 - INFO - Server is running on port: 3030
15.9.2021, 0:02:55 - INFO - Req!!!
15.9.2021, 0:03:47 - INFO - Req!!!
15.9.2021, 0:03:47 - INFO - Req!!!
15.9.2021, 0:03:54 - INFO - Server is running on port: 3030
15.9.2021, 0:04:20 - INFO - Req!!!
15.9.2021, 0:04:40 - INFO - Req!!!
15.9.2021, 0:05:23 - INFO - Req!!!
15.9.2021, 11:04:38 - INFO - Server is running on port: 3030
15.9.2021, 11:47:00 - INFO - Req!!!
15.9.2021, 12:42:41 - INFO - Req!!!
15.9.2021, 13:00:19 - INFO - Req!!!
15.9.2021, 13:00:20 - INFO - Req!!!
15.9.2021, 13:29:32 - INFO - Server is running on port: 3030
15.9.2021, 13:48:53 - INFO - Server is running on port: 3030
15.9.2021, 13:53:55 - INFO - Server is running on port: 3030
15.9.2021, 14:40:16 - INFO - Server is running on port: 3030
15.9.2021, 14:44:25 - INFO - Server is running on port: 3030
15.9.2021, 14:48:01 - INFO - Server is running on port: 3030
15.9.2021, 14:50:53 - INFO - Req!!!
15.9.2021, 14:50:54 - INFO - Req!!!
15.9.2021, 14:50:54 - INFO - Req!!!
15.9.2021, 14:51:02 - INFO - Req!!!
15.9.2021, 14:57:43 - INFO - Server is running on port: 3030
15.9.2021, 15:10:52 - INFO - Server is running on port: 3030
15.9.2021, 15:28:10 - DEBUG - auth.service - signup with username: dd, fullname: dddd
15.9.2021, 15:28:10 - DEBUG - auth.route - new account created: {"username":"dd","password":"$2b$10$sjiDNj1nbPm8z5OGVc09UustMNMlHwGA7QUWvznBDMhzPTOFzzbTe","fullname":"dddd","score":0,"_id":"6141e6daa4270f38cc440c95"}
15.9.2021, 15:28:10 - DEBUG - auth.service - login with username: dd
15.9.2021, 15:29:23 - DEBUG - auth.service - login with username: dd
15.9.2021, 15:31:25 - INFO - Server is running on port: 3030
15.9.2021, 15:32:23 - INFO - Req!!!
15.9.2021, 15:32:29 - INFO - Req!!!
15.9.2021, 15:32:42 - DEBUG - auth.service - login with username: Moriya
15.9.2021, 15:32:42 - ERROR - Failed to Login Inval_idusername or password
15.9.2021, 15:33:50 - DEBUG - auth.service - login with username: M
15.9.2021, 15:33:50 - ERROR - Failed to Login Invalid username or password
15.9.2021, 15:33:59 - DEBUG - auth.service - login with username: M
15.9.2021, 15:33:59 - ERROR - Failed to Login Invalid username or password
15.9.2021, 15:34:09 - INFO - Server is running on port: 3030
15.9.2021, 15:35:38 - INFO - Req!!!
15.9.2021, 15:36:37 - DEBUG - auth.service - login with username: M
15.9.2021, 15:36:37 - ERROR - Failed to Login Invalid username or password
15.9.2021, 15:37:58 - INFO - Server is running on port: 3030
15.9.2021, 15:38:02 - DEBUG - auth.service - login with username: M
15.9.2021, 15:38:15 - INFO - Server is running on port: 3030
15.9.2021, 15:38:40 - INFO - Req!!!
15.9.2021, 15:39:00 - INFO - Req!!!
15.9.2021, 15:41:43 - DEBUG - auth.service - login with username: M
15.9.2021, 15:41:50 - DEBUG - auth.service - login with username: M
15.9.2021, 15:42:32 - DEBUG - auth.service - login with username: M
15.9.2021, 15:42:43 - DEBUG - auth.service - login with username: M
15.9.2021, 15:43:01 - INFO - Req!!!
15.9.2021, 15:45:49 - INFO - Req!!!
15.9.2021, 15:45:55 - INFO - Req!!!
15.9.2021, 15:46:52 - INFO - Server is running on port: 3030
15.9.2021, 15:47:01 - INFO - Req!!!
15.9.2021, 15:47:04 - INFO - Req!!!
15.9.2021, 15:47:12 - INFO - Req!!!
15.9.2021, 15:47:14 - INFO - Req!!!
15.9.2021, 15:47:20 - INFO - Req!!!
15.9.2021, 15:47:37 - INFO - Server is running on port: 3030
15.9.2021, 15:49:33 - INFO - Req!!!
15.9.2021, 15:49:35 - INFO - Req!!!
15.9.2021, 15:49:46 - INFO - Req!!!
15.9.2021, 15:51:18 - INFO - Server is running on port: 3030
15.9.2021, 15:51:22 - INFO - Req!!!
15.9.2021, 15:51:38 - INFO - Req!!!
15.9.2021, 15:51:48 - INFO - Server is running on port: 3030
15.9.2021, 15:51:52 - INFO - Req!!!
15.9.2021, 15:51:54 - INFO - Req!!!
15.9.2021, 15:52:47 - INFO - Server is running on port: 3030
15.9.2021, 15:52:58 - INFO - Req!!!
15.9.2021, 15:53:04 - INFO - Req!!!
15.9.2021, 15:53:56 - INFO - Req!!!
15.9.2021, 15:54:08 - INFO - Server is running on port: 3030
15.9.2021, 15:54:15 - INFO - Server is running on port: 3030
15.9.2021, 15:54:17 - INFO - Req!!!
15.9.2021, 15:54:20 - INFO - Req!!!
15.9.2021, 15:54:40 - INFO - Server is running on port: 3030
15.9.2021, 15:54:44 - INFO - Req!!!
15.9.2021, 15:54:46 - INFO - Req!!!
15.9.2021, 15:55:37 - INFO - Req!!!
15.9.2021, 15:55:48 - INFO - Req!!!
15.9.2021, 16:10:20 - INFO - Req!!!
15.9.2021, 16:10:26 - INFO - Server is running on port: 3030
15.9.2021, 16:10:35 - INFO - Req!!!
15.9.2021, 16:11:06 - INFO - Server is running on port: 3030
15.9.2021, 16:11:16 - INFO - Server is running on port: 3030
15.9.2021, 16:11:22 - INFO - Req!!!
15.9.2021, 16:11:24 - INFO - Req!!!
15.9.2021, 16:11:47 - INFO - Server is running on port: 3030
15.9.2021, 16:11:52 - INFO - Req!!!
15.9.2021, 16:11:56 - INFO - Req!!!
15.9.2021, 16:12:44 - INFO - Server is running on port: 3030
15.9.2021, 16:12:47 - INFO - Req!!!
15.9.2021, 16:12:49 - INFO - Req!!!
15.9.2021, 16:14:39 - INFO - Req!!!
15.9.2021, 16:16:01 - INFO - Req!!!
15.9.2021, 16:32:16 - INFO - Req!!!
15.9.2021, 16:32:22 - INFO - Req!!!
15.9.2021, 16:33:44 - INFO - Req!!!
15.9.2021, 16:33:46 - INFO - Req!!!
15.9.2021, 17:05:04 - INFO - Req!!!
15.9.2021, 17:05:14 - INFO - Req!!!
15.9.2021, 17:05:21 - INFO - Req!!!
15.9.2021, 17:05:27 - INFO - Req!!!
15.9.2021, 17:05:37 - INFO - Req!!!
15.9.2021, 17:09:19 - DEBUG - auth.service - login with username: M
15.9.2021, 17:09:23 - INFO - Req!!!
15.9.2021, 17:09:25 - INFO - Req!!!
15.9.2021, 17:10:04 - INFO - Req!!!
15.9.2021, 17:10:13 - INFO - Server is running on port: 3030
15.9.2021, 17:10:17 - INFO - Req!!!
15.9.2021, 17:11:56 - INFO - Server is running on port: 3030
15.9.2021, 17:17:17 - DEBUG - auth.service - login with username: M
16.9.2021, 20:11:50 - INFO - Server is running on port: 3030
16.9.2021, 20:14:17 - INFO - Server is running on port: 3030
16.9.2021, 20:14:24 - DEBUG - auth.service - login with username: M
16.9.2021, 20:14:30 - INFO - Req!!!
16.9.2021, 20:14:30 - INFO - Req from: Moriya Eldar
16.9.2021, 20:14:34 - INFO - Req!!!
16.9.2021, 20:14:34 - INFO - Req from: Moriya Eldar
16.9.2021, 20:25:07 - INFO - Req!!!
16.9.2021, 20:25:07 - INFO - Req from: Moriya Eldar
16.9.2021, 20:25:08 - INFO - Req!!!
16.9.2021, 20:25:08 - INFO - Req from: Moriya Eldar
16.9.2021, 20:38:09 - INFO - Req!!!
16.9.2021, 20:38:09 - INFO - Req from: Moriya Eldar
16.9.2021, 20:38:09 - INFO - Req!!!
16.9.2021, 20:38:09 - INFO - Req from: Moriya Eldar
16.9.2021, 20:42:42 - INFO - Server is running on port: 3030
16.9.2021, 20:43:17 - INFO - Server is running on port: 3030
16.9.2021, 20:49:02 - INFO - Server is running on port: 3030
16.9.2021, 20:58:31 - INFO - Req!!!
16.9.2021, 20:58:31 - ERROR - cannot find wishs | {}
16.9.2021, 20:58:31 - ERROR - Failed to get wishs | {}
16.9.2021, 20:59:18 - INFO - Req!!!
16.9.2021, 20:59:18 - ERROR - cannot find wishs | {}
16.9.2021, 20:59:18 - ERROR - Failed to get wishs | {}
16.9.2021, 20:59:27 - INFO - Server is running on port: 3030
16.9.2021, 20:59:30 - INFO - Req!!!
16.9.2021, 20:59:30 - ERROR - cannot find wishs | {}
16.9.2021, 20:59:30 - ERROR - Failed to get wishs | {}
16.9.2021, 20:59:50 - INFO - Server is running on port: 3030
16.9.2021, 20:59:55 - INFO - Req!!!
16.9.2021, 20:59:55 - ERROR - cannot find wishs | {}
16.9.2021, 20:59:55 - ERROR - Failed to get wishs | {}
16.9.2021, 21:01:24 - INFO - Server is running on port: 3030
16.9.2021, 21:02:23 - INFO - Server is running on port: 3030
16.9.2021, 21:02:45 - INFO - Server is running on port: 3030
16.9.2021, 21:02:48 - INFO - Req!!!
16.9.2021, 21:02:48 - ERROR - cannot find wishs | {}
16.9.2021, 21:02:48 - ERROR - Failed to get wishs | {}
16.9.2021, 21:02:54 - INFO - Req!!!
16.9.2021, 21:02:54 - ERROR - cannot find wishs | {}
16.9.2021, 21:02:54 - ERROR - Failed to get wishs | {}
16.9.2021, 21:03:39 - INFO - Req!!!
16.9.2021, 21:03:39 - ERROR - cannot find wishs | {}
16.9.2021, 21:03:39 - ERROR - Failed to get wishs | {}
16.9.2021, 21:03:43 - INFO - Req!!!
16.9.2021, 21:03:43 - ERROR - cannot find wishs | {}
16.9.2021, 21:03:43 - ERROR - Failed to get wishs | {}
16.9.2021, 21:05:42 - INFO - Server is running on port: 3030
16.9.2021, 21:06:05 - INFO - Req!!!
16.9.2021, 21:06:05 - ERROR - cannot find wishs | {}
16.9.2021, 21:06:05 - ERROR - Failed to get wishs | {}
16.9.2021, 21:06:14 - INFO - Server is running on port: 3030
16.9.2021, 21:06:20 - INFO - Req!!!
16.9.2021, 21:06:20 - ERROR - cannot find wishs | {}
16.9.2021, 21:06:20 - ERROR - Failed to get wishs | {}
16.9.2021, 21:06:31 - INFO - Server is running on port: 3030
16.9.2021, 21:06:35 - INFO - Req!!!
16.9.2021, 21:06:35 - ERROR - cannot find wishs | {}
16.9.2021, 21:06:35 - ERROR - Failed to get wishs | {}
16.9.2021, 21:10:48 - INFO - Server is running on port: 3030
16.9.2021, 21:21:33 - INFO - Server is running on port: 3030
16.9.2021, 21:24:32 - INFO - Server is running on port: 3030
16.9.2021, 21:25:05 - INFO - Server is running on port: 3030
16.9.2021, 21:25:47 - INFO - Server is running on port: 3030
16.9.2021, 21:26:05 - INFO - Server is running on port: 3030
16.9.2021, 21:26:35 - INFO - Server is running on port: 3030
16.9.2021, 21:26:48 - INFO - Server is running on port: 3030
16.9.2021, 21:28:45 - INFO - Server is running on port: 3030
16.9.2021, 21:30:38 - INFO - Server is running on port: 3030
16.9.2021, 21:30:50 - INFO - Server is running on port: 3030
16.9.2021, 21:30:58 - INFO - Server is running on port: 3030
16.9.2021, 21:40:07 - INFO - Server is running on port: 3030
16.9.2021, 21:42:16 - INFO - Req!!!
16.9.2021, 21:44:03 - ERROR - cannot find wishs | {}
16.9.2021, 21:44:03 - ERROR - Failed to get wishs | {}
16.9.2021, 21:44:03 - INFO - Server is running on port: 3030
16.9.2021, 21:44:46 - INFO - Server is running on port: 3030
16.9.2021, 21:50:12 - INFO - Server is running on port: 3030
16.9.2021, 21:58:22 - INFO - Server is running on port: 3030
16.9.2021, 22:13:25 - INFO - Server is running on port: 3030
16.9.2021, 22:13:46 - INFO - Server is running on port: 3030
16.9.2021, 22:14:07 - INFO - Server is running on port: 3030
16.9.2021, 22:26:27 - INFO - Server is running on port: 3030
16.9.2021, 22:29:11 - INFO - Server is running on port: 3030
16.9.2021, 22:40:15 - INFO - Req!!!
16.9.2021, 22:40:34 - INFO - Server is running on port: 3030
16.9.2021, 22:41:10 - INFO - Server is running on port: 3030
16.9.2021, 22:41:19 - INFO - Req!!!
16.9.2021, 22:41:38 - INFO - Req!!!
16.9.2021, 22:41:55 - INFO - Req!!!
16.9.2021, 22:42:21 - INFO - Server is running on port: 3030
16.9.2021, 22:42:25 - INFO - Req!!!
16.9.2021, 22:42:38 - INFO - Server is running on port: 3030
16.9.2021, 22:42:42 - INFO - Req!!!
16.9.2021, 22:43:41 - INFO - Server is running on port: 3030
16.9.2021, 22:43:44 - INFO - Req!!!
16.9.2021, 22:43:44 - ERROR - Failed to get wishs | {}
16.9.2021, 22:44:19 - INFO - Server is running on port: 3030
16.9.2021, 22:44:22 - INFO - Req!!!
16.9.2021, 22:44:59 - INFO - Server is running on port: 3030
16.9.2021, 22:45:02 - INFO - Req!!!
16.9.2021, 22:45:45 - INFO - Server is running on port: 3030
16.9.2021, 22:45:49 - INFO - Req!!!
16.9.2021, 22:45:58 - INFO - Server is running on port: 3030
16.9.2021, 22:46:12 - INFO - Req!!!
16.9.2021, 22:46:59 - INFO - Req!!!
16.9.2021, 22:47:00 - INFO - Req!!!
16.9.2021, 22:47:16 - INFO - Req!!!
17.9.2021, 9:53:03 - INFO - Server is running on port: 3030
17.9.2021, 9:57:45 - INFO - Req!!!
17.9.2021, 10:29:38 - INFO - Server is running on port: 3030
17.9.2021, 10:30:13 - INFO - Server is running on port: 3030
17.9.2021, 10:32:30 - INFO - Req!!!
17.9.2021, 10:32:31 - INFO - Req!!!
17.9.2021, 10:32:39 - INFO - Req!!!
17.9.2021, 10:32:41 - INFO - Req!!!
17.9.2021, 11:35:39 - INFO - Req!!!
17.9.2021, 11:36:49 - INFO - Req!!!
17.9.2021, 11:39:33 - INFO - Req!!!
17.9.2021, 11:41:21 - INFO - Req!!!
17.9.2021, 12:11:21 - INFO - Req!!!
17.9.2021, 12:14:21 - INFO - Req!!!
17.9.2021, 12:14:35 - INFO - Req!!!
17.9.2021, 12:14:36 - INFO - Req!!!
17.9.2021, 12:14:41 - INFO - Req!!!
17.9.2021, 12:16:29 - INFO - Req!!!
17.9.2021, 12:22:37 - INFO - Req!!!
17.9.2021, 12:22:39 - INFO - Req!!!
17.9.2021, 12:22:42 - INFO - Req!!!
17.9.2021, 12:28:38 - INFO - Req!!!
17.9.2021, 12:28:39 - INFO - Req!!!
17.9.2021, 12:28:44 - DEBUG - auth.service - login with username: M
17.9.2021, 12:28:49 - INFO - Req!!!
17.9.2021, 12:28:49 - INFO - Req from: Moriya Eldar
17.9.2021, 12:29:38 - INFO - Req!!!
17.9.2021, 12:29:38 - INFO - Req from: Moriya Eldar
17.9.2021, 12:36:31 - INFO - Req!!!
17.9.2021, 12:36:31 - INFO - Req from: Moriya Eldar
17.9.2021, 12:37:05 - INFO - Req!!!
17.9.2021, 12:37:05 - INFO - Req from: Moriya Eldar
17.9.2021, 12:51:17 - INFO - Req!!!
17.9.2021, 12:51:17 - INFO - Req from: Moriya Eldar
17.9.2021, 12:51:44 - INFO - Req!!!
17.9.2021, 12:51:44 - INFO - Req from: Moriya Eldar
17.9.2021, 12:52:08 - ERROR - while finding wish undefined | {}
17.9.2021, 12:52:08 - ERROR - Failed to get wish | {}
17.9.2021, 12:52:13 - INFO - Req!!!
17.9.2021, 12:52:13 - INFO - Req from: Moriya Eldar
17.9.2021, 12:52:20 - INFO - Req!!!
17.9.2021, 12:52:20 - INFO - Req from: Moriya Eldar
17.9.2021, 12:52:48 - INFO - Req!!!
17.9.2021, 12:52:48 - INFO - Req from: Moriya Eldar
17.9.2021, 12:52:55 - INFO - Req!!!
17.9.2021, 12:52:55 - INFO - Req from: Moriya Eldar
17.9.2021, 12:53:03 - INFO - Req!!!
17.9.2021, 12:53:03 - INFO - Req from: Moriya Eldar
17.9.2021, 12:53:09 - INFO - Req!!!
17.9.2021, 12:53:09 - INFO - Req from: Moriya Eldar
17.9.2021, 12:53:20 - INFO - Req!!!
17.9.2021, 12:53:20 - INFO - Req from: Moriya Eldar
17.9.2021, 12:53:42 - INFO - Req!!!
17.9.2021, 12:53:42 - INFO - Req from: Moriya Eldar
17.9.2021, 12:53:51 - INFO - Req!!!
17.9.2021, 12:53:51 - INFO - Req from: Moriya Eldar
17.9.2021, 12:53:56 - INFO - Req!!!
17.9.2021, 12:53:56 - INFO - Req from: Moriya Eldar
17.9.2021, 13:24:07 - INFO - Req!!!
17.9.2021, 13:24:07 - INFO - Req from: Moriya Eldar
17.9.2021, 13:24:26 - INFO - Req!!!
17.9.2021, 13:24:26 - INFO - Req from: Moriya Eldar
17.9.2021, 13:27:55 - INFO - Req!!!
17.9.2021, 13:27:55 - INFO - Req from: Moriya Eldar
17.9.2021, 13:28:01 - INFO - Req!!!
17.9.2021, 13:28:01 - INFO - Req from: Moriya Eldar
17.9.2021, 13:28:07 - INFO - Req!!!
17.9.2021, 13:28:07 - INFO - Req from: Moriya Eldar
17.9.2021, 13:28:25 - INFO - Req!!!
17.9.2021, 13:28:25 - INFO - Req from: Moriya Eldar
17.9.2021, 13:28:26 - INFO - Req!!!
17.9.2021, 13:28:26 - INFO - Req from: Moriya Eldar
17.9.2021, 13:29:39 - INFO - Req!!!
17.9.2021, 13:29:39 - INFO - Req from: Moriya Eldar
17.9.2021, 13:30:03 - INFO - Req!!!
17.9.2021, 13:30:03 - INFO - Req from: Moriya Eldar
17.9.2021, 13:33:44 - INFO - Req!!!
17.9.2021, 13:33:44 - INFO - Req from: Moriya Eldar
17.9.2021, 13:34:06 - INFO - Req!!!
17.9.2021, 13:34:06 - INFO - Req from: Moriya Eldar
17.9.2021, 13:34:49 - INFO - Req!!!
17.9.2021, 13:34:49 - INFO - Req from: Moriya Eldar
17.9.2021, 13:35:21 - INFO - Req!!!
17.9.2021, 13:35:21 - INFO - Req from: Moriya Eldar
17.9.2021, 13:40:27 - INFO - Req!!!
17.9.2021, 13:40:27 - INFO - Req from: Moriya Eldar
17.9.2021, 13:40:32 - INFO - Req!!!
17.9.2021, 13:40:32 - INFO - Req from: Moriya Eldar
17.9.2021, 13:40:35 - INFO - Req!!!
17.9.2021, 13:40:35 - INFO - Req from: Moriya Eldar
17.9.2021, 13:40:38 - INFO - Req!!!
17.9.2021, 13:40:38 - INFO - Req from: Moriya Eldar
17.9.2021, 13:40:40 - INFO - Req!!!
17.9.2021, 13:40:40 - INFO - Req from: Moriya Eldar
17.9.2021, 13:42:32 - INFO - Req!!!
17.9.2021, 13:42:32 - INFO - Req from: Moriya Eldar
17.9.2021, 13:43:34 - INFO - Req!!!
17.9.2021, 13:43:34 - INFO - Req from: Moriya Eldar
17.9.2021, 13:43:36 - INFO - Req!!!
17.9.2021, 13:43:36 - INFO - Req from: Moriya Eldar
17.9.2021, 13:43:38 - INFO - Req!!!
17.9.2021, 13:43:38 - INFO - Req from: Moriya Eldar
17.9.2021, 13:43:39 - INFO - Req!!!
17.9.2021, 13:43:39 - INFO - Req from: Moriya Eldar
17.9.2021, 13:44:23 - INFO - Req!!!
17.9.2021, 13:44:23 - INFO - Req from: Moriya Eldar
17.9.2021, 13:45:09 - INFO - Req!!!
17.9.2021, 13:45:09 - INFO - Req from: Moriya Eldar
17.9.2021, 13:45:14 - INFO - Req!!!
17.9.2021, 13:45:14 - INFO - Req from: Moriya Eldar
17.9.2021, 13:46:05 - INFO - Req!!!
17.9.2021, 13:46:05 - INFO - Req from: Moriya Eldar
17.9.2021, 13:47:06 - INFO - Req!!!
17.9.2021, 13:47:06 - INFO - Req from: Moriya Eldar
17.9.2021, 13:47:31 - INFO - Req!!!
17.9.2021, 13:47:31 - INFO - Req from: Moriya Eldar
17.9.2021, 13:48:39 - INFO - Req!!!
17.9.2021, 13:48:39 - INFO - Req from: Moriya Eldar
17.9.2021, 13:48:41 - INFO - Req!!!
17.9.2021, 13:48:41 - INFO - Req from: Moriya Eldar
17.9.2021, 13:49:45 - INFO - Req!!!
17.9.2021, 13:49:45 - INFO - Req from: Moriya Eldar
17.9.2021, 13:51:43 - INFO - Req!!!
17.9.2021, 13:51:43 - INFO - Req from: Moriya Eldar
17.9.2021, 14:13:24 - INFO - Req!!!
17.9.2021, 14:13:24 - INFO - Req from: Moriya Eldar
17.9.2021, 14:15:53 - INFO - Req!!!
17.9.2021, 14:15:53 - INFO - Req from: Moriya Eldar
17.9.2021, 14:16:28 - INFO - Req!!!
17.9.2021, 14:16:28 - INFO - Req from: Moriya Eldar
17.9.2021, 14:16:57 - INFO - Req!!!
17.9.2021, 14:16:57 - INFO - Req from: Moriya Eldar
17.9.2021, 14:17:25 - INFO - Req!!!
17.9.2021, 14:17:25 - INFO - Req from: Moriya Eldar
17.9.2021, 14:17:35 - INFO - Req!!!
17.9.2021, 14:17:35 - INFO - Req from: Moriya Eldar
17.9.2021, 14:17:58 - INFO - Req!!!
17.9.2021, 14:17:58 - INFO - Req from: Moriya Eldar
17.9.2021, 14:18:25 - INFO - Req!!!
17.9.2021, 14:18:25 - INFO - Req from: Moriya Eldar
17.9.2021, 14:19:36 - INFO - Req!!!
17.9.2021, 14:19:36 - INFO - Req from: Moriya Eldar
17.9.2021, 14:19:49 - INFO - Req!!!
17.9.2021, 14:19:49 - INFO - Req from: Moriya Eldar
17.9.2021, 14:20:33 - INFO - Req!!!
17.9.2021, 14:20:33 - INFO - Req from: Moriya Eldar
17.9.2021, 14:21:11 - INFO - Req!!!
17.9.2021, 14:21:11 - INFO - Req from: Moriya Eldar
17.9.2021, 14:21:42 - INFO - Req!!!
17.9.2021, 14:21:42 - INFO - Req from: Moriya Eldar
17.9.2021, 14:22:28 - INFO - Req!!!
17.9.2021, 14:22:28 - INFO - Req from: Moriya Eldar
17.9.2021, 14:24:35 - INFO - Req!!!
17.9.2021, 14:24:35 - INFO - Req from: Moriya Eldar
17.9.2021, 14:25:26 - INFO - Req!!!
17.9.2021, 14:25:26 - INFO - Req from: Moriya Eldar
17.9.2021, 14:25:44 - INFO - Req!!!
17.9.2021, 14:25:44 - INFO - Req from: Moriya Eldar
17.9.2021, 14:26:43 - INFO - Req!!!
17.9.2021, 14:26:43 - INFO - Req from: Moriya Eldar
17.9.2021, 14:27:26 - INFO - Req!!!
17.9.2021, 14:27:26 - INFO - Req from: Moriya Eldar
17.9.2021, 14:30:08 - INFO - Req!!!
17.9.2021, 14:30:08 - INFO - Req from: Moriya Eldar
17.9.2021, 14:31:29 - INFO - Req!!!
17.9.2021, 14:31:29 - INFO - Req from: Moriya Eldar
17.9.2021, 14:32:38 - INFO - Req!!!
17.9.2021, 14:32:38 - INFO - Req from: Moriya Eldar
17.9.2021, 14:38:30 - INFO - Req!!!
17.9.2021, 14:38:30 - INFO - Req from: Moriya Eldar
17.9.2021, 14:39:00 - INFO - Req!!!
17.9.2021, 14:39:00 - INFO - Req from: Moriya Eldar
17.9.2021, 14:40:25 - INFO - Req!!!
17.9.2021, 14:40:25 - INFO - Req from: Moriya Eldar
17.9.2021, 14:43:10 - INFO - Req!!!
17.9.2021, 14:43:10 - INFO - Req from: Moriya Eldar
17.9.2021, 14:45:34 - INFO - Req!!!
17.9.2021, 14:45:34 - INFO - Req from: Moriya Eldar
17.9.2021, 14:47:09 - INFO - Req!!!
17.9.2021, 14:47:09 - INFO - Req from: Moriya Eldar
17.9.2021, 14:47:22 - INFO - Req!!!
17.9.2021, 14:47:22 - INFO - Req from: Moriya Eldar
17.9.2021, 15:10:03 - INFO - Req!!!
17.9.2021, 15:10:03 - INFO - Req from: Moriya Eldar
17.9.2021, 15:12:55 - INFO - Req!!!
17.9.2021, 15:12:55 - INFO - Req from: Moriya Eldar
17.9.2021, 15:13:13 - INFO - Req!!!
17.9.2021, 15:13:13 - INFO - Req from: Moriya Eldar
17.9.2021, 15:15:24 - INFO - Server is running on port: 3030
17.9.2021, 15:15:59 - INFO - Req!!!
17.9.2021, 15:17:22 - INFO - Req!!!
17.9.2021, 15:19:12 - INFO - Req!!!
17.9.2021, 15:19:14 - INFO - Req!!!
17.9.2021, 15:19:31 - INFO - Req!!!
17.9.2021, 15:19:39 - INFO - Req!!!
17.9.2021, 15:21:57 - INFO - Req!!!
17.9.2021, 15:21:59 - INFO - Req!!!
17.9.2021, 15:25:26 - INFO - Req!!!
17.9.2021, 15:30:10 - INFO - Req!!!
17.9.2021, 15:30:22 - INFO - Req!!!
17.9.2021, 15:30:43 - INFO - Req!!!
17.9.2021, 15:30:58 - INFO - Req!!!
17.9.2021, 15:36:05 - INFO - Server is running on port: 3030
17.9.2021, 15:36:26 - INFO - Server is running on port: 3030
17.9.2021, 15:41:00 - INFO - Server is running on port: 3030
17.9.2021, 15:41:43 - INFO - Req!!!
17.9.2021, 15:41:46 - INFO - Req!!!
17.9.2021, 15:41:50 - INFO - Req!!!
17.9.2021, 15:42:10 - INFO - Req!!!
17.9.2021, 15:42:13 - INFO - Req!!!
17.9.2021, 15:42:22 - INFO - Req!!!
17.9.2021, 15:42:30 - INFO - Req!!!
17.9.2021, 15:42:33 - INFO - Req!!!
17.9.2021, 15:42:37 - INFO - Req!!!
17.9.2021, 15:42:43 - INFO - Req!!!
17.9.2021, 15:42:45 - INFO - Req!!!
17.9.2021, 15:42:48 - INFO - Req!!!
17.9.2021, 15:43:41 - INFO - Req!!!
17.9.2021, 15:43:49 - INFO - Req!!!
17.9.2021, 15:43:53 - INFO - Req!!!
17.9.2021, 15:44:19 - INFO - Req!!!
17.9.2021, 15:44:37 - INFO - Req!!!
17.9.2021, 15:44:39 - INFO - Req!!!
17.9.2021, 15:45:08 - INFO - Server is running on port: 3030
17.9.2021, 15:45:10 - INFO - Req!!!
17.9.2021, 15:45:13 - INFO - Req!!!
17.9.2021, 15:45:17 - INFO - Req!!!
17.9.2021, 15:45:20 - INFO - Req!!!
17.9.2021, 15:45:27 - INFO - Req!!!
17.9.2021, 15:45:31 - INFO - Req!!!
17.9.2021, 15:45:34 - INFO - Req!!!
17.9.2021, 15:45:36 - INFO - Req!!!
17.9.2021, 15:45:39 - INFO - Req!!!
17.9.2021, 15:45:47 - INFO - Server is running on port: 3030
17.9.2021, 15:45:58 - INFO - Req!!!
17.9.2021, 15:46:00 - INFO - Req!!!
17.9.2021, 15:46:02 - INFO - Req!!!
17.9.2021, 15:46:16 - INFO - Req!!!
17.9.2021, 15:47:12 - INFO - Req!!!
17.9.2021, 15:48:12 - INFO - Server is running on port: 3030
17.9.2021, 15:48:15 - INFO - Req!!!
17.9.2021, 15:48:17 - INFO - Req!!!
17.9.2021, 15:48:19 - INFO - Req!!!
17.9.2021, 15:48:30 - INFO - Req!!!
17.9.2021, 15:49:28 - INFO - Server is running on port: 3030
17.9.2021, 15:49:32 - INFO - Req!!!
17.9.2021, 15:49:35 - INFO - Req!!!
17.9.2021, 15:49:50 - INFO - Server is running on port: 3030
17.9.2021, 15:50:23 - INFO - Server is running on port: 3030
17.9.2021, 15:50:27 - INFO - Req!!!
17.9.2021, 15:51:55 - INFO - Req!!!
17.9.2021, 15:52:13 - INFO - Server is running on port: 3030
17.9.2021, 15:53:10 - INFO - Req!!!
17.9.2021, 15:57:48 - INFO - Server is running on port: 3030
17.9.2021, 15:57:51 - INFO - Req!!!
17.9.2021, 15:57:54 - INFO - Req!!!
17.9.2021, 15:57:56 - INFO - Req!!!
17.9.2021, 15:57:56 - ERROR - cannot find wishs | {}
17.9.2021, 15:57:56 - ERROR - Failed to get wishs | {}
17.9.2021, 15:58:28 - INFO - Server is running on port: 3030
17.9.2021, 15:58:31 - INFO - Req!!!
17.9.2021, 15:58:34 - INFO - Req!!!
17.9.2021, 15:58:50 - INFO - Req!!!
17.9.2021, 15:58:50 - ERROR - cannot find wishs | {}
17.9.2021, 15:58:50 - ERROR - Failed to get wishs | {}
17.9.2021, 15:59:40 - INFO - Server is running on port: 3030
17.9.2021, 15:59:42 - INFO - Req!!!
17.9.2021, 15:59:47 - INFO - Req!!!
17.9.2021, 15:59:58 - INFO - Req!!!
17.9.2021, 16:00:28 - INFO - Server is running on port: 3030
17.9.2021, 16:00:31 - INFO - Req!!!
17.9.2021, 16:00:35 - INFO - Req!!!
17.9.2021, 16:00:38 - INFO - Req!!!
17.9.2021, 16:00:39 - INFO - Req!!!
17.9.2021, 16:01:04 - INFO - Req!!!
17.9.2021, 16:01:32 - INFO - Req!!!
17.9.2021, 16:02:31 - INFO - Req!!!
17.9.2021, 16:02:48 - INFO - Req!!!
17.9.2021, 16:02:50 - INFO - Req!!!
17.9.2021, 16:03:09 - INFO - Req!!!
17.9.2021, 16:05:14 - INFO - Req!!!
17.9.2021, 16:57:20 - INFO - Server is running on port: 3030
17.9.2021, 16:58:15 - INFO - Req!!!
17.9.2021, 16:58:25 - INFO - Req!!!
17.9.2021, 16:58:42 - INFO - Req!!!
17.9.2021, 16:58:55 - INFO - Req!!!
17.9.2021, 16:58:57 - INFO - Req!!!
17.9.2021, 17:01:40 - INFO - Req!!!
17.9.2021, 17:08:32 - INFO - Req!!!
17.9.2021, 17:08:35 - INFO - Req!!!
17.9.2021, 17:08:39 - INFO - Req!!!
17.9.2021, 17:08:42 - INFO - Req!!!
17.9.2021, 17:08:45 - INFO - Req!!!
17.9.2021, 17:08:55 - INFO - Req!!!
17.9.2021, 17:08:57 - INFO - Req!!!
17.9.2021, 17:09:15 - INFO - Req!!!
17.9.2021, 17:09:49 - INFO - Req!!!
17.9.2021, 17:12:58 - INFO - Req!!!
17.9.2021, 17:13:11 - INFO - Req!!!
17.9.2021, 17:13:53 - INFO - Req!!!
17.9.2021, 17:14:15 - INFO - Server is running on port: 3030
17.9.2021, 17:14:24 - INFO - Req!!!
17.9.2021, 17:14:27 - INFO - Req!!!
17.9.2021, 17:14:28 - INFO - Req!!!
17.9.2021, 17:14:31 - INFO - Req!!!
17.9.2021, 17:14:36 - INFO - Req!!!
17.9.2021, 17:14:45 - INFO - Req!!!
17.9.2021, 17:14:48 - INFO - Req!!!
17.9.2021, 17:16:01 - INFO - Server is running on port: 3030
17.9.2021, 17:16:06 - INFO - Req!!!
17.9.2021, 17:16:11 - INFO - Req!!!
17.9.2021, 17:16:15 - INFO - Req!!!
17.9.2021, 17:16:28 - INFO - Req!!!
17.9.2021, 17:16:34 - INFO - Req!!!
17.9.2021, 17:16:48 - INFO - Req!!!
17.9.2021, 17:16:53 - INFO - Req!!!
17.9.2021, 17:17:00 - INFO - Req!!!
18.9.2021, 21:06:07 - INFO - Server is running on port: 3030
18.9.2021, 21:07:26 - INFO - Req!!!
18.9.2021, 21:09:14 - INFO - Req!!!
18.9.2021, 21:09:19 - INFO - Req!!!
18.9.2021, 21:09:50 - INFO - Req!!!
18.9.2021, 21:11:52 - INFO - Req!!!
18.9.2021, 21:12:02 - INFO - Req!!!
18.9.2021, 21:12:35 - INFO - Req!!!
18.9.2021, 21:12:38 - INFO - Req!!!
18.9.2021, 21:16:47 - INFO - Server is running on port: 3030
18.9.2021, 21:16:55 - INFO - Req!!!
18.9.2021, 21:16:58 - INFO - Req!!!
18.9.2021, 21:17:06 - INFO - Req!!!
18.9.2021, 21:17:07 - INFO - Req!!!
18.9.2021, 21:17:21 - INFO - Req!!!
18.9.2021, 21:17:33 - INFO - Req!!!
18.9.2021, 21:22:20 - INFO - Server is running on port: 3030
18.9.2021, 21:23:01 - INFO - Server is running on port: 3030
18.9.2021, 21:23:06 - INFO - Req!!!
18.9.2021, 21:23:09 - INFO - Req!!!
18.9.2021, 21:23:11 - INFO - Req!!!
18.9.2021, 21:23:18 - INFO - Req!!!
18.9.2021, 21:23:34 - INFO - Req!!!
18.9.2021, 21:26:02 - INFO - Req!!!
18.9.2021, 21:26:17 - INFO - Req!!!
18.9.2021, 21:26:18 - INFO - Server is running on port: 3030
18.9.2021, 21:26:24 - INFO - Server is running on port: 3030
18.9.2021, 21:26:30 - INFO - Req!!!
18.9.2021, 21:26:33 - INFO - Req!!!
18.9.2021, 21:26:35 - INFO - Req!!!
18.9.2021, 21:26:37 - INFO - Req!!!
18.9.2021, 21:26:39 - INFO - Req!!!
18.9.2021, 21:27:18 - INFO - Req!!!
18.9.2021, 22:12:17 - INFO - Req!!!
18.9.2021, 22:12:17 - INFO - Req!!!
18.9.2021, 22:12:17 - INFO - Req!!!
18.9.2021, 22:12:17 - INFO - Req!!!
18.9.2021, 22:12:18 - INFO - Server is running on port: 3030
18.9.2021, 22:12:22 - INFO - Server is running on port: 3030
18.9.2021, 22:12:31 - INFO - Req!!!
18.9.2021, 22:12:40 - INFO - Req!!!
18.9.2021, 22:13:03 - INFO - Req!!!
18.9.2021, 22:13:05 - INFO - Req!!!
18.9.2021, 22:13:33 - INFO - Req!!!
18.9.2021, 22:14:22 - INFO - Req!!!
18.9.2021, 22:14:23 - INFO - Req!!!
18.9.2021, 22:16:50 - INFO - Server is running on port: 3030
18.9.2021, 22:17:06 - INFO - Req!!!
18.9.2021, 22:17:09 - INFO - Req!!!
18.9.2021, 22:17:10 - INFO - Req!!!
18.9.2021, 22:19:01 - INFO - Server is running on port: 3030
18.9.2021, 22:20:31 - INFO - Server is running on port: 3030
18.9.2021, 22:20:38 - INFO - Req!!!
18.9.2021, 22:20:38 - ERROR - cannot find wishs | {}
18.9.2021, 22:20:38 - ERROR - Failed to get wishs | {}
18.9.2021, 22:20:40 - INFO - Req!!!
18.9.2021, 22:20:40 - ERROR - cannot find wishs | {}
18.9.2021, 22:20:40 - ERROR - Failed to get wishs | {}
18.9.2021, 22:20:41 - INFO - Req!!!
18.9.2021, 22:20:41 - ERROR - cannot find wishs | {}
18.9.2021, 22:20:41 - ERROR - Failed to get wishs | {}
18.9.2021, 22:21:44 - INFO - Server is running on port: 3030
18.9.2021, 22:21:52 - INFO - Req!!!
18.9.2021, 22:21:54 - INFO - Req!!!
18.9.2021, 22:21:55 - INFO - Req!!!
18.9.2021, 22:21:56 - INFO - Req!!!
18.9.2021, 22:24:03 - INFO - Server is running on port: 3030
18.9.2021, 22:24:20 - INFO - Req!!!
18.9.2021, 22:24:23 - INFO - Req!!!
18.9.2021, 22:24:24 - INFO - Req!!!
18.9.2021, 22:24:26 - INFO - Req!!!
18.9.2021, 22:25:22 - INFO - Server is running on port: 3030
18.9.2021, 22:26:38 - INFO - Server is running on port: 3030
18.9.2021, 22:26:47 - INFO - Req!!!
18.9.2021, 22:26:50 - INFO - Req!!!
18.9.2021, 22:26:52 - INFO - Req!!!
18.9.2021, 22:26:53 - INFO - Req!!!
18.9.2021, 22:29:06 - INFO - Server is running on port: 3030
18.9.2021, 22:29:56 - INFO - Req!!!
18.9.2021, 22:29:56 - ERROR - cannot find wishs | {}
18.9.2021, 22:29:56 - ERROR - Failed to get wishs | {}
18.9.2021, 22:29:58 - INFO - Req!!!
18.9.2021, 22:29:58 - ERROR - cannot find wishs | {}
18.9.2021, 22:29:58 - ERROR - Failed to get wishs | {}
18.9.2021, 22:30:01 - INFO - Req!!!
18.9.2021, 22:30:01 - ERROR - cannot find wishs | {}
18.9.2021, 22:30:01 - ERROR - Failed to get wishs | {}
18.9.2021, 22:30:02 - INFO - Req!!!
18.9.2021, 22:30:02 - ERROR - cannot find wishs | {}
18.9.2021, 22:30:02 - ERROR - Failed to get wishs | {}
18.9.2021, 22:30:37 - INFO - Server is running on port: 3030
18.9.2021, 22:30:43 - INFO - Req!!!
18.9.2021, 22:30:43 - ERROR - cannot find wishs | {}
18.9.2021, 22:30:43 - ERROR - Failed to get wishs | {}
18.9.2021, 22:30:47 - INFO - Req!!!
18.9.2021, 22:30:47 - ERROR - cannot find wishs | {}
18.9.2021, 22:30:47 - ERROR - Failed to get wishs | {}
18.9.2021, 22:33:46 - INFO - Server is running on port: 3030
18.9.2021, 22:35:54 - INFO - Server is running on port: 3030
18.9.2021, 22:36:00 - INFO - Req!!!
18.9.2021, 22:36:18 - INFO - Req!!!
18.9.2021, 22:36:19 - INFO - Req!!!
18.9.2021, 22:36:21 - INFO - Req!!!
18.9.2021, 22:36:54 - INFO - Req!!!
18.9.2021, 22:36:58 - INFO - Req!!!
18.9.2021, 22:37:08 - INFO - Req!!!
18.9.2021, 22:37:31 - INFO - Req!!!
18.9.2021, 22:37:33 - INFO - Req!!!
18.9.2021, 22:40:49 - INFO - Req!!!
18.9.2021, 22:40:59 - INFO - Server is running on port: 3030
18.9.2021, 22:41:03 - INFO - Req!!!
18.9.2021, 22:41:04 - INFO - Req!!!
18.9.2021, 22:41:06 - INFO - Req!!!
18.9.2021, 22:41:39 - INFO - Req!!!
18.9.2021, 22:42:02 - INFO - Req!!!
18.9.2021, 22:42:02 - INFO - Req!!!
18.9.2021, 22:42:02 - INFO - Req!!!
18.9.2021, 22:42:07 - INFO - Server is running on port: 3030
18.9.2021, 22:42:13 - INFO - Req!!!
18.9.2021, 22:42:17 - INFO - Req!!!
18.9.2021, 23:01:54 - INFO - Server is running on port: 3030
18.9.2021, 23:02:02 - INFO - Req!!!
18.9.2021, 23:02:05 - INFO - Req!!!
18.9.2021, 23:02:19 - INFO - Req!!!
18.9.2021, 23:02:21 - INFO - Req!!!
18.9.2021, 23:02:22 - INFO - Req!!!
18.9.2021, 23:02:56 - INFO - Req!!!
18.9.2021, 23:04:54 - INFO - Req!!!
18.9.2021, 23:04:54 - INFO - Req!!!
18.9.2021, 23:04:54 - INFO - Req!!!
18.9.2021, 23:04:54 - INFO - Req!!!
18.9.2021, 23:04:54 - INFO - Req!!!
18.9.2021, 23:04:54 - INFO - Req!!!
18.9.2021, 23:04:54 - INFO - Req!!!
18.9.2021, 23:04:54 - INFO - Req!!!
18.9.2021, 23:06:38 - INFO - Server is running on port: 3030
18.9.2021, 23:07:22 - INFO - Req!!!
18.9.2021, 23:07:27 - INFO - Req!!!
18.9.2021, 23:07:35 - INFO - Req!!!
18.9.2021, 23:09:26 - INFO - Req!!!
18.9.2021, 23:10:07 - INFO - Req!!!
18.9.2021, 23:10:30 - INFO - Server is running on port: 3030
18.9.2021, 23:10:37 - INFO - Req!!!
18.9.2021, 23:10:41 - INFO - Req!!!
18.9.2021, 23:10:48 - INFO - Req!!!
18.9.2021, 23:10:51 - INFO - Req!!!
18.9.2021, 23:11:07 - INFO - Req!!!
18.9.2021, 23:11:37 - INFO - Req!!!
18.9.2021, 23:11:40 - INFO - Req!!!
18.9.2021, 23:11:42 - INFO - Req!!!
18.9.2021, 23:13:32 - INFO - Server is running on port: 3030
19.9.2021, 12:02:35 - INFO - Server is running on port: 3030
19.9.2021, 12:04:04 - INFO - Req!!!
19.9.2021, 12:26:29 - INFO - Server is running on port: 3030
19.9.2021, 12:37:24 - INFO - Req!!!
19.9.2021, 12:37:25 - INFO - Req!!!
19.9.2021, 12:37:26 - INFO - Req!!!
19.9.2021, 12:38:03 - INFO - Server is running on port: 3030
19.9.2021, 12:38:14 - INFO - Req!!!
19.9.2021, 12:38:15 - INFO - Req!!!
19.9.2021, 12:38:18 - INFO - Req!!!
19.9.2021, 12:38:47 - INFO - Req!!!
19.9.2021, 12:39:07 - INFO - Req!!!
19.9.2021, 12:39:07 - INFO - Req!!!
19.9.2021, 12:39:07 - INFO - Req!!!
19.9.2021, 12:39:07 - INFO - Req!!!
19.9.2021, 12:39:12 - INFO - Server is running on port: 3030
19.9.2021, 12:47:18 - INFO - Req!!!
19.9.2021, 12:48:14 - INFO - Req!!!
19.9.2021, 12:49:24 - INFO - Req!!!
19.9.2021, 12:50:07 - INFO - Req!!!
19.9.2021, 12:52:57 - INFO - Req!!!
19.9.2021, 12:53:16 - INFO - Req!!!
19.9.2021, 12:53:31 - INFO - Req!!!
19.9.2021, 15:33:21 - INFO - Server is running on port: 3030
19.9.2021, 15:58:44 - INFO - Req!!!
19.9.2021, 16:03:26 - INFO - Req!!!
19.9.2021, 16:03:39 - INFO - Req!!!
19.9.2021, 16:07:40 - INFO - Req!!!
19.9.2021, 16:07:42 - INFO - Req!!!
19.9.2021, 16:07:48 - INFO - Req!!!
19.9.2021, 16:12:21 - INFO - Req!!!
19.9.2021, 16:12:28 - INFO - Server is running on port: 3030
19.9.2021, 16:12:32 - INFO - Req!!!
19.9.2021, 16:12:37 - INFO - Req!!!
19.9.2021, 16:12:40 - INFO - Req!!!
19.9.2021, 16:12:44 - INFO - Req!!!
19.9.2021, 16:14:12 - INFO - Req!!!
19.9.2021, 16:14:23 - INFO - Req!!!
19.9.2021, 16:14:32 - INFO - Server is running on port: 3030
19.9.2021, 16:14:34 - INFO - Req!!!
19.9.2021, 16:14:37 - INFO - Req!!!
19.9.2021, 16:14:39 - INFO - Req!!!
19.9.2021, 16:14:40 - INFO - Req!!!
19.9.2021, 16:16:39 - INFO - Req!!!
19.9.2021, 16:21:45 - INFO - Req!!!
19.9.2021, 16:21:45 - INFO - Req!!!
19.9.2021, 16:21:45 - INFO - Req!!!
19.9.2021, 16:21:45 - INFO - Req!!!
19.9.2021, 16:21:45 - ERROR - cannot find wishs | {}
19.9.2021, 16:21:45 - ERROR - Failed to get wishs | {}
19.9.2021, 16:21:45 - INFO - Req!!!
19.9.2021, 16:21:45 - ERROR - cannot find wishs | {}
19.9.2021, 16:21:45 - ERROR - Failed to get wishs | {}
19.9.2021, 16:21:46 - INFO - Req!!!
19.9.2021, 16:21:46 - ERROR - cannot find wishs | {}
19.9.2021, 16:21:46 - ERROR - Failed to get wishs | {}
19.9.2021, 16:21:46 - INFO - Req!!!
19.9.2021, 16:21:46 - ERROR - cannot find wishs | {}
19.9.2021, 16:21:46 - ERROR - Failed to get wishs | {}
19.9.2021, 16:21:46 - INFO - Req!!!
19.9.2021, 16:21:46 - ERROR - cannot find wishs | {}
19.9.2021, 16:21:46 - ERROR - Failed to get wishs | {}
19.9.2021, 16:21:47 - INFO - Server is running on port: 3030
19.9.2021, 16:21:55 - INFO - Req!!!
19.9.2021, 16:21:56 - INFO - Req!!!
19.9.2021, 16:21:57 - INFO - Req!!!
19.9.2021, 16:22:38 - INFO - Req!!!
19.9.2021, 16:29:27 - INFO - Req!!!
19.9.2021, 16:29:27 - INFO - Req!!!
19.9.2021, 16:29:27 - INFO - Req!!!
19.9.2021, 16:29:28 - INFO - Server is running on port: 3030
19.9.2021, 16:29:37 - INFO - Req!!!
19.9.2021, 16:29:41 - INFO - Req!!!
19.9.2021, 16:29:44 - INFO - Req!!!
19.9.2021, 16:29:46 - INFO - Req!!!
19.9.2021, 16:29:59 - INFO - Req!!!
19.9.2021, 16:30:02 - INFO - Req!!!
19.9.2021, 16:30:03 - INFO - Req!!!
19.9.2021, 16:33:07 - INFO - Req!!!
19.9.2021, 16:33:17 - INFO - Req!!!
19.9.2021, 16:33:17 - INFO - Server is running on port: 3030
19.9.2021, 16:33:20 - INFO - Req!!!
19.9.2021, 16:33:23 - INFO - Req!!!
19.9.2021, 16:33:25 - INFO - Req!!!
19.9.2021, 16:33:26 - INFO - Req!!!
19.9.2021, 16:33:29 - INFO - Req!!!
19.9.2021, 16:33:30 - INFO - Req!!!
19.9.2021, 16:37:22 - INFO - Server is running on port: 3030
19.9.2021, 16:37:26 - INFO - Req!!!
19.9.2021, 16:37:28 - INFO - Req!!!
19.9.2021, 16:37:31 - INFO - Req!!!
19.9.2021, 16:37:33 - INFO - Req!!!
19.9.2021, 16:37:41 - INFO - Req!!!
19.9.2021, 16:39:55 - INFO - Req!!!
19.9.2021, 16:40:02 - INFO - Server is running on port: 3030
19.9.2021, 16:40:05 - INFO - Req!!!
19.9.2021, 16:40:12 - INFO - Req!!!
19.9.2021, 16:40:15 - INFO - Req!!!
19.9.2021, 16:40:58 - INFO - Req!!!
19.9.2021, 16:41:05 - INFO - Req!!!
19.9.2021, 16:41:06 - INFO - Req!!!
19.9.2021, 16:41:14 - INFO - Req!!!
19.9.2021, 16:43:07 - INFO - Req!!!
19.9.2021, 16:43:24 - INFO - Req!!!
19.9.2021, 16:43:24 - INFO - Req!!!
19.9.2021, 16:43:24 - INFO - Req!!!
19.9.2021, 16:43:24 - INFO - Req!!!
19.9.2021, 16:43:31 - INFO - Server is running on port: 3030
19.9.2021, 16:43:35 - INFO - Req!!!
19.9.2021, 16:43:38 - INFO - Req!!!
19.9.2021, 16:43:40 - INFO - Req!!!
19.9.2021, 16:43:42 - INFO - Req!!!
19.9.2021, 16:43:45 - INFO - Req!!!
19.9.2021, 16:43:55 - INFO - Req!!!
19.9.2021, 16:43:57 - INFO - Req!!!
19.9.2021, 16:43:59 - INFO - Req!!!
19.9.2021, 16:45:56 - INFO - Req!!!
19.9.2021, 16:46:02 - INFO - Req!!!
19.9.2021, 16:46:07 - INFO - Req!!!
19.9.2021, 16:46:09 - INFO - Req!!!
19.9.2021, 16:46:14 - INFO - Req!!!
19.9.2021, 16:46:20 - INFO - Req!!!
19.9.2021, 16:46:22 - INFO - Req!!!
19.9.2021, 16:56:10 - INFO - Req!!!
19.9.2021, 16:56:11 - INFO - Req!!!
19.9.2021, 16:56:13 - INFO - Req!!!
19.9.2021, 16:56:14 - INFO - Req!!!
19.9.2021, 16:56:41 - INFO - Server is running on port: 3030
19.9.2021, 16:56:46 - INFO - Req!!!
19.9.2021, 16:56:48 - INFO - Req!!!
19.9.2021, 16:56:52 - INFO - Req!!!
19.9.2021, 16:56:55 - INFO - Req!!!
19.9.2021, 16:56:57 - INFO - Req!!!
19.9.2021, 16:56:59 - INFO - Req!!!
19.9.2021, 16:57:59 - INFO - Req!!!
19.9.2021, 16:58:15 - INFO - Req!!!
19.9.2021, 16:58:15 - INFO - Req!!!
19.9.2021, 16:58:15 - INFO - Req!!!
19.9.2021, 16:58:16 - INFO - Server is running on port: 3030
19.9.2021, 16:58:19 - INFO - Req!!!
19.9.2021, 16:58:22 - INFO - Req!!!
19.9.2021, 16:58:24 - INFO - Req!!!
19.9.2021, 16:58:26 - INFO - Req!!!
19.9.2021, 16:58:30 - INFO - Req!!!
19.9.2021, 17:00:05 - INFO - Req!!!
19.9.2021, 17:00:07 - INFO - Req!!!
19.9.2021, 17:00:09 - INFO - Req!!!
19.9.2021, 17:00:11 - INFO - Req!!!
19.9.2021, 17:00:17 - INFO - Req!!!
19.9.2021, 17:00:19 - INFO - Req!!!
19.9.2021, 17:00:45 - INFO - Req!!!
19.9.2021, 17:00:47 - INFO - Req!!!
19.9.2021, 17:00:48 - INFO - Req!!!
19.9.2021, 17:00:51 - INFO - Req!!!
19.9.2021, 17:00:53 - INFO - Req!!!
19.9.2021, 17:00:55 - INFO - Req!!!
19.9.2021, 17:11:44 - INFO - Server is running on port: 3030
19.9.2021, 17:11:48 - INFO - Req!!!
19.9.2021, 17:11:50 - INFO - Req!!!
19.9.2021, 17:11:50 - ERROR - cannot find wishs | {}
19.9.2021, 17:11:50 - ERROR - Failed to get wishs | {}
19.9.2021, 17:12:02 - INFO - Server is running on port: 3030
19.9.2021, 17:12:04 - INFO - Req!!!
19.9.2021, 17:12:07 - INFO - Req!!!
19.9.2021, 17:12:09 - INFO - Req!!!
19.9.2021, 17:12:10 - INFO - Req!!!
19.9.2021, 17:12:12 - INFO - Req!!!
19.9.2021, 17:12:14 - INFO - Req!!!
19.9.2021, 17:12:23 - INFO - Req!!!
19.9.2021, 17:12:32 - INFO - Req!!!
19.9.2021, 17:12:33 - INFO - Req!!!
19.9.2021, 17:12:34 - INFO - Req!!!
19.9.2021, 17:12:36 - INFO - Req!!!
19.9.2021, 17:15:32 - INFO - Server is running on port: 3030
19.9.2021, 17:15:37 - INFO - Req!!!
19.9.2021, 17:15:37 - ERROR - cannot find wishs | {}
19.9.2021, 17:15:37 - ERROR - Failed to get wishs | {}
19.9.2021, 17:17:12 - INFO - Server is running on port: 3030
19.9.2021, 17:17:39 - INFO - Req!!!
19.9.2021, 17:18:30 - INFO - Req!!!
19.9.2021, 17:18:41 - INFO - Req!!!
19.9.2021, 17:18:54 - INFO - Server is running on port: 3030
19.9.2021, 17:22:12 - INFO - Req!!!
19.9.2021, 17:22:27 - INFO - Req!!!
19.9.2021, 17:22:29 - INFO - Req!!!
19.9.2021, 17:22:31 - INFO - Req!!!
19.9.2021, 17:22:33 - INFO - Req!!!
19.9.2021, 17:22:35 - INFO - Req!!!
19.9.2021, 17:22:37 - INFO - Req!!!
19.9.2021, 17:26:17 - INFO - Server is running on port: 3030
19.9.2021, 18:30:15 - INFO - Server is running on port: 3030
19.9.2021, 18:30:31 - INFO - Server is running on port: 3030
19.9.2021, 18:31:13 - INFO - Req!!!
19.9.2021, 18:58:24 - INFO - Server is running on port: 3030
19.9.2021, 18:58:32 - INFO - Server is running on port: 3030
19.9.2021, 18:58:34 - INFO - Server is running on port: 3030
19.9.2021, 19:31:19 - INFO - Server is running on port: 3030
19.9.2021, 19:31:26 - INFO - Server is running on port: 3030
19.9.2021, 20:13:33 - INFO - Req!!!
19.9.2021, 20:13:41 - INFO - Req!!!
19.9.2021, 20:13:48 - INFO - Req!!!
19.9.2021, 20:13:52 - INFO - Req!!!
19.9.2021, 20:14:06 - INFO - Server is running on port: 3030
19.9.2021, 20:14:09 - INFO - Req!!!
19.9.2021, 20:14:12 - INFO - Req!!!
19.9.2021, 20:14:22 - INFO - Req!!!
19.9.2021, 20:14:24 - INFO - Req!!!
19.9.2021, 20:14:26 - INFO - Req!!!
19.9.2021, 20:14:39 - ERROR - cannot find wishs | {}
19.9.2021, 20:14:39 - ERROR - Failed to get wishs | {}
19.9.2021, 20:14:42 - ERROR - cannot find wishs | {}
19.9.2021, 20:14:42 - ERROR - Failed to get wishs | {}
19.9.2021, 20:14:52 - ERROR - cannot find wishs | {}
19.9.2021, 20:14:52 - ERROR - Failed to get wishs | {}
19.9.2021, 20:14:54 - ERROR - cannot find wishs | {}
19.9.2021, 20:14:54 - ERROR - Failed to get wishs | {}
19.9.2021, 20:14:56 - ERROR - cannot find wishs | {}
19.9.2021, 20:14:56 - ERROR - Failed to get wishs | {}
19.9.2021, 20:15:56 - INFO - Req!!!
19.9.2021, 20:16:26 - ERROR - cannot find wishs | {}
19.9.2021, 20:19:03 - ERROR - Failed to get wishs | {}
19.9.2021, 20:19:03 - INFO - Req!!!
19.9.2021, 20:19:03 - INFO - Req!!!
19.9.2021, 20:19:03 - INFO - Req!!!
19.9.2021, 20:19:03 - INFO - Req!!!
19.9.2021, 20:19:03 - INFO - Req!!!
19.9.2021, 20:19:03 - INFO - Req!!!
19.9.2021, 20:19:03 - INFO - Req!!!
19.9.2021, 20:19:03 - INFO - Req!!!
19.9.2021, 20:19:03 - INFO - Req!!!
19.9.2021, 20:19:03 - INFO - Req!!!
19.9.2021, 20:19:03 - INFO - Req!!!
19.9.2021, 20:19:03 - INFO - Req!!!
19.9.2021, 20:19:03 - INFO - Req!!!
19.9.2021, 20:19:03 - INFO - Req!!!
19.9.2021, 20:19:04 - INFO - Req!!!
19.9.2021, 20:19:10 - INFO - Server is running on port: 3030
19.9.2021, 20:19:12 - INFO - Req!!!
19.9.2021, 20:19:20 - INFO - Req!!!
19.9.2021, 20:19:42 - ERROR - cannot find wishs | {}
19.9.2021, 20:34:19 - ERROR - Failed to get wishs | {}
19.9.2021, 20:34:19 - ERROR - cannot find wishs | {}
19.9.2021, 20:34:19 - ERROR - Failed to get wishs | {}
19.9.2021, 20:34:19 - INFO - Req!!!
19.9.2021, 20:34:19 - INFO - Req!!!
19.9.2021, 20:34:19 - INFO - Server is running on port: 3030
19.9.2021, 20:34:24 - INFO - Req!!!
19.9.2021, 20:34:54 - ERROR - cannot find wishs | {}
19.9.2021, 20:34:54 - ERROR - Failed to get wishs | {}
19.9.2021, 20:36:00 - INFO - Req!!!
19.9.2021, 20:36:30 - ERROR - cannot find wishs | {}
19.9.2021, 20:36:30 - ERROR - Failed to get wishs | {}
19.9.2021, 20:48:55 - INFO - Server is running on port: 3030
19.9.2021, 20:49:05 - INFO - Server is running on port: 3030
19.9.2021, 20:49:08 - INFO - Req!!!
19.9.2021, 20:49:16 - INFO - Server is running on port: 3030
19.9.2021, 20:49:19 - INFO - Req!!!
19.9.2021, 20:49:24 - INFO - Req!!!
19.9.2021, 20:49:40 - INFO - Req!!!
19.9.2021, 20:49:42 - INFO - Req!!!
19.9.2021, 20:49:49 - ERROR - cannot find wishs | {}
19.9.2021, 20:49:49 - ERROR - Failed to get wishs | {}
19.9.2021, 20:49:54 - ERROR - cannot find wishs | {}
19.9.2021, 20:49:54 - ERROR - Failed to get wishs | {}
19.9.2021, 20:50:10 - ERROR - cannot find wishs | {}
19.9.2021, 20:50:10 - ERROR - Failed to get wishs | {}
19.9.2021, 20:50:12 - ERROR - cannot find wishs | {}
19.9.2021, 20:50:12 - ERROR - Failed to get wishs | {}
20.9.2021, 13:55:35 - INFO - Server is running on port: 3030
20.9.2021, 14:18:33 - INFO - Server is running on port: 3030
20.9.2021, 14:19:09 - INFO - Server is running on port: 3030
20.9.2021, 14:20:49 - INFO - Server is running on port: 3030
20.9.2021, 14:21:56 - INFO - Server is running on port: 3030
20.9.2021, 14:27:44 - INFO - Server is running on port: 3030
20.9.2021, 14:29:56 - INFO - Server is running on port: 3030
20.9.2021, 15:26:35 - INFO - Server is running on port: 3030
20.9.2021, 15:33:26 - INFO - Server is running on port: 3030
20.9.2021, 15:33:59 - INFO - Server is running on port: 3030
20.9.2021, 15:35:14 - INFO - Server is running on port: 3030
20.9.2021, 15:35:33 - INFO - Server is running on port: 3030
20.9.2021, 15:38:03 - INFO - Server is running on port: 3030
20.9.2021, 16:00:29 - INFO - Server is running on port: 3030
20.9.2021, 16:07:34 - INFO - Server is running on port: 3030
20.9.2021, 16:18:10 - INFO - Server is running on port: 3030
20.9.2021, 16:18:15 - INFO - Server is running on port: 3030
20.9.2021, 16:18:23 - INFO - Server is running on port: 3030
20.9.2021, 16:18:34 - INFO - Server is running on port: 3030
21.9.2021, 22:45:21 - INFO - Server is running on port: 3030
21.9.2021, 22:53:13 - INFO - Server is running on port: 3030
21.9.2021, 22:54:41 - INFO - Server is running on port: 3030
21.9.2021, 22:58:03 - INFO - Server is running on port: 3030
21.9.2021, 23:33:15 - INFO - Server is running on port: 3030
21.9.2021, 23:35:22 - INFO - Server is running on port: 3030
21.9.2021, 23:52:03 - INFO - Server is running on port: 3030
21.9.2021, 23:53:59 - INFO - Server is running on port: 3030
21.9.2021, 23:54:09 - INFO - Server is running on port: 3030
21.9.2021, 23:54:14 - INFO - Req!!!
21.9.2021, 23:54:44 - ERROR - cannot find wishs | {}
21.9.2021, 23:54:44 - ERROR - Failed to get wishs | {}
21.9.2021, 23:57:43 - INFO - Req!!!
21.9.2021, 23:57:46 - INFO - Req!!!
21.9.2021, 23:58:14 - ERROR - cannot find wishs | {}
21.9.2021, 23:58:14 - ERROR - Failed to get wishs | {}
21.9.2021, 23:58:17 - ERROR - cannot find wishs | {}
21.9.2021, 23:58:17 - ERROR - Failed to get wishs | {}
21.9.2021, 23:58:49 - INFO - Req!!!
21.9.2021, 23:59:25 - INFO - Req!!!
21.9.2021, 23:59:55 - ERROR - cannot find wishs | {}
21.9.2021, 23:59:55 - ERROR - Failed to get wishs | {}
21.9.2021, 23:59:55 - ERROR - cannot find wishs | {}
21.9.2021, 23:59:55 - ERROR - Failed to get wishs | {}
21.9.2021, 23:59:56 - INFO - Req!!!
21.9.2021, 23:59:59 - INFO - Req!!!
22.9.2021, 0:00:26 - ERROR - cannot find wishs | {}
22.9.2021, 0:02:07 - ERROR - Failed to get wishs | {}
22.9.2021, 0:02:07 - ERROR - cannot find wishs | {}
22.9.2021, 0:02:07 - ERROR - Failed to get wishs | {}
22.9.2021, 0:02:07 - INFO - Req!!!
22.9.2021, 0:02:07 - INFO - Server is running on port: 3030
22.9.2021, 0:02:15 - INFO - Req!!!
22.9.2021, 0:02:45 - ERROR - cannot find wishs | {}
22.9.2021, 0:05:14 - ERROR - Failed to get wishs | {}
22.9.2021, 0:05:14 - INFO - Req!!!
22.9.2021, 0:05:14 - INFO - Server is running on port: 3030
22.9.2021, 0:05:23 - INFO - Req!!!
22.9.2021, 0:05:35 - INFO - Req!!!
22.9.2021, 0:06:05 - ERROR - cannot find wishs | {}
22.9.2021, 0:07:09 - ERROR - Failed to get wishs | {}
22.9.2021, 0:07:09 - ERROR - cannot find wishs | {}
22.9.2021, 0:07:09 - ERROR - Failed to get wishs | {}
22.9.2021, 0:07:09 - INFO - Req!!!
22.9.2021, 0:07:12 - INFO - Server is running on port: 3030
22.9.2021, 0:07:17 - INFO - Req!!!
22.9.2021, 0:07:27 - INFO - Req!!!
22.9.2021, 0:07:47 - ERROR - cannot find wishs | {}
22.9.2021, 0:07:47 - ERROR - Failed to get wishs | {}
22.9.2021, 0:07:57 - ERROR - cannot find wishs | {}
22.9.2021, 0:07:57 - ERROR - Failed to get wishs | {}
22.9.2021, 0:08:11 - INFO - Server is running on port: 3030
22.9.2021, 0:08:20 - INFO - Server is running on port: 3030
22.9.2021, 0:08:24 - INFO - Req!!!
22.9.2021, 0:08:54 - ERROR - cannot find wishs | {}
22.9.2021, 0:08:54 - ERROR - Failed to get wishs | {}
22.9.2021, 0:09:32 - INFO - Server is running on port: 3030
26.9.2021, 11:08:27 - INFO - Server is running on port: 3030
26.9.2021, 11:09:04 - INFO - Req!!!
26.9.2021, 11:09:04 - ERROR - cannot find wishs | {}
26.9.2021, 11:09:04 - ERROR - Failed to get wishs | {}
26.9.2021, 11:09:38 - INFO - Req!!!
26.9.2021, 11:09:38 - ERROR - cannot find wishs | {}
26.9.2021, 11:09:38 - ERROR - Failed to get wishs | {}
26.9.2021, 11:14:42 - INFO - Server is running on port: 3030
26.9.2021, 11:15:25 - INFO - Req!!!
26.9.2021, 11:15:25 - ERROR - cannot find wishs | {}
26.9.2021, 11:15:25 - ERROR - Failed to get wishs | {}
26.9.2021, 11:22:32 - INFO - Req!!!
26.9.2021, 11:22:32 - ERROR - cannot find wishs | {}
26.9.2021, 11:22:32 - ERROR - Failed to get wishs | {}
26.9.2021, 11:31:14 - INFO - Req!!!
26.9.2021, 11:31:14 - ERROR - cannot find wishs | {}
26.9.2021, 11:31:14 - ERROR - Failed to get wishs | {}
26.9.2021, 11:34:59 - INFO - Server is running on port: 3030
26.9.2021, 11:42:33 - INFO - Server is running on port: 3030
26.9.2021, 11:48:02 - INFO - Req!!!
26.9.2021, 11:48:02 - ERROR - cannot find wishs | {}
26.9.2021, 11:48:02 - ERROR - Failed to get wishs | {}
26.9.2021, 11:49:52 - INFO - Server is running on port: 3030
26.9.2021, 11:50:22 - INFO - Server is running on port: 3030
26.9.2021, 11:53:01 - INFO - Server is running on port: 3030
26.9.2021, 11:53:30 - INFO - Req!!!
26.9.2021, 11:53:30 - ERROR - cannot find wishs | {}
26.9.2021, 11:53:30 - ERROR - Failed to get wishs | {}
26.9.2021, 11:53:35 - INFO - Req!!!
26.9.2021, 11:53:35 - ERROR - cannot find wishs | {}
26.9.2021, 11:53:35 - ERROR - Failed to get wishs | {}
26.9.2021, 11:54:49 - INFO - Req!!!
26.9.2021, 11:54:49 - ERROR - cannot find wishs | {}
26.9.2021, 11:54:49 - ERROR - Failed to get wishs | {}
26.9.2021, 11:54:52 - INFO - Req!!!
26.9.2021, 11:54:52 - ERROR - cannot find wishs | {}
26.9.2021, 11:54:52 - ERROR - Failed to get wishs | {}
26.9.2021, 12:00:57 - INFO - Req!!!
26.9.2021, 12:00:57 - ERROR - cannot find wishs | {}
26.9.2021, 12:00:57 - ERROR - Failed to get wishs | {}
26.9.2021, 12:01:51 - INFO - Req!!!
26.9.2021, 12:01:51 - ERROR - cannot find wishs | {}
26.9.2021, 12:01:51 - ERROR - Failed to get wishs | {}
26.9.2021, 12:02:25 - INFO - Server is running on port: 3030
26.9.2021, 12:02:28 - INFO - Req!!!
26.9.2021, 12:22:50 - INFO - Server is running on port: 3030
26.9.2021, 12:22:53 - INFO - Req!!!
26.9.2021, 12:57:25 - INFO - Server is running on port: 3030
26.9.2021, 12:58:32 - INFO - Req!!!
26.9.2021, 13:27:35 - INFO - Server is running on port: 3030
26.9.2021, 13:28:07 - INFO - Req!!!
26.9.2021, 13:47:23 - INFO - Req!!!
26.9.2021, 14:32:07 - INFO - Server is running on port: 3030
26.9.2021, 14:32:12 - DEBUG - auth.service - login with username: M
26.9.2021, 14:32:22 - INFO - Req!!!
26.9.2021, 14:32:22 - INFO - Req from: Moriya Eldar
26.9.2021, 14:33:52 - DEBUG - auth.service - signup with username: Yair, fullname: Yair
26.9.2021, 14:33:53 - DEBUG - auth.route - new account created: {"username":"Yair","password":"$2b$10$S3WtBCmbSUl2OGJESrh2hO5yaOdaf5Oz0P8jx0sfv2tFLFlZkDcgW","fullname":"Yair","score":0,"_id":"61505aa110077b3dfcadebc4"}
26.9.2021, 14:33:53 - DEBUG - auth.service - login with username: Yair
26.9.2021, 14:33:58 - INFO - Req!!!
26.9.2021, 14:33:58 - INFO - Req from: Yair
26.9.2021, 16:53:19 - INFO - Req!!!
26.9.2021, 16:53:19 - INFO - Req from: Moriya Eldar
26.9.2021, 16:53:40 - ERROR - while finding wish undefined | {}
26.9.2021, 16:53:40 - ERROR - Failed to get wish | {}
26.9.2021, 16:53:42 - INFO - Req!!!
26.9.2021, 16:53:42 - INFO - Req from: Moriya Eldar
26.9.2021, 16:53:48 - INFO - Req!!!
26.9.2021, 16:53:48 - INFO - Req from: Moriya Eldar
26.9.2021, 16:53:50 - INFO - Req!!!
26.9.2021, 16:53:50 - INFO - Req from: Moriya Eldar
26.9.2021, 16:59:18 - INFO - Req!!!
26.9.2021, 16:59:18 - INFO - Req from: Moriya Eldar
26.9.2021, 17:07:35 - INFO - Req!!!
26.9.2021, 17:07:35 - INFO - Req from: Yair
26.9.2021, 17:08:24 - INFO - Req!!!
26.9.2021, 17:08:24 - INFO - Req from: Yair
26.9.2021, 17:08:27 - INFO - Req!!!
26.9.2021, 17:08:27 - INFO - Req from: Moriya Eldar
26.9.2021, 17:08:45 - INFO - Req!!!
26.9.2021, 17:08:45 - INFO - Req from: Moriya Eldar
26.9.2021, 17:08:45 - ERROR - cannot remove wish undefined | {}
26.9.2021, 17:08:45 - ERROR - Failed to remove wish | {}
26.9.2021, 17:09:09 - INFO - Req!!!
26.9.2021, 17:09:09 - INFO - Req from: Moriya Eldar
26.9.2021, 17:25:43 - INFO - Req!!!
26.9.2021, 17:25:43 - INFO - Req from: Moriya Eldar
26.9.2021, 17:25:43 - INFO - Req!!!
26.9.2021, 17:25:43 - INFO - Req from: Yair
26.9.2021, 17:26:21 - INFO - Req!!!
26.9.2021, 17:26:21 - INFO - Req from: Moriya Eldar
26.9.2021, 17:26:21 - INFO - Req!!!
26.9.2021, 17:26:21 - INFO - Req from: Yair
26.9.2021, 17:35:45 - INFO - Req!!!
26.9.2021, 17:35:45 - INFO - Req from: Moriya Eldar
26.9.2021, 17:35:57 - INFO - Req!!!
26.9.2021, 17:35:57 - INFO - Req from: Yair
26.9.2021, 17:36:17 - INFO - Req!!!
26.9.2021, 17:36:17 - INFO - Req from: Moriya Eldar
26.9.2021, 17:37:13 - INFO - Server is running on port: 3030
26.9.2021, 17:37:28 - INFO - Req!!!
26.9.2021, 17:37:45 - INFO - Req!!!
26.9.2021, 17:38:17 - INFO - Req!!!
26.9.2021, 17:38:24 - INFO - Req!!!
26.9.2021, 17:38:58 - DEBUG - auth.service - login with username: M
26.9.2021, 17:39:05 - INFO - Req!!!
26.9.2021, 17:39:05 - INFO - Req from: Moriya Eldar
26.9.2021, 17:39:17 - INFO - Req!!!
26.9.2021, 17:39:17 - INFO - Req from: Moriya Eldar
26.9.2021, 17:46:28 - INFO - Req!!!
26.9.2021, 17:46:28 - INFO - Req!!!
26.9.2021, 17:46:28 - INFO - Req from: Moriya Eldar
26.9.2021, 18:35:26 - INFO - Server is running on port: 3030
26.9.2021, 18:46:48 - DEBUG - auth.service - login with username: M
26.9.2021, 18:47:21 - DEBUG - auth.service - signup with username: kjhdgfs, fullname: htdsgf
26.9.2021, 18:47:21 - DEBUG - auth.route - new account created: {"username":"kjhdgfs","password":"$2b$10$t4F4aHzY2YEUVqBuA4Rv0ugbKUx0ZjMAIgj7doH8psikFSrOEP1S.","fullname":"htdsgf","score":0,"_id":"615096097bd89f49c0a352ad"}
26.9.2021, 18:47:21 - DEBUG - auth.service - login with username: kjhdgfs
26.9.2021, 18:47:39 - DEBUG - auth.service - login with username: M
25.10.2021, 17:23:45 - INFO - Server is running on port: 3030
25.10.2021, 17:24:20 - INFO - Req!!!
25.10.2021, 17:24:29 - INFO - Req!!!
25.10.2021, 17:24:32 - INFO - Req!!!
25.10.2021, 17:24:35 - INFO - Req!!!
25.10.2021, 17:27:30 - DEBUG - auth.service - login with username: Moriya
25.10.2021, 17:27:30 - ERROR - Failed to Login Inval_idusername or password
25.10.2021, 17:27:37 - DEBUG - auth.service - signup with username: Moriya, fullname: Moriya eldar
25.10.2021, 17:27:37 - DEBUG - auth.route - new account created: {"username":"Moriya","password":"$2b$10$sz20Skb.EozpblRO387Cf.L447xA2jSrj/j/y72jNp2lwSqDG00fy","fullname":"Moriya eldar","score":0,"_id":"6176bed918b3cf0e50898349"}
25.10.2021, 17:27:37 - DEBUG - auth.service - login with username: Moriya
25.10.2021, 17:27:45 - INFO - Req!!!
25.10.2021, 17:27:45 - INFO - Req from: Moriya eldar
25.10.2021, 17:27:55 - WARN - Moriya eldar Attempt to perform admin action
25.10.2021, 17:31:42 - INFO - Server is running on port: 3030
25.10.2021, 17:33:27 - DEBUG - auth.service - login with username: Moriya
25.10.2021, 17:33:33 - INFO - Req!!!
25.10.2021, 17:33:33 - INFO - Req from: Moriya eldar
25.10.2021, 17:33:46 - WARN - Moriya eldar Attempt to perform admin action
25.10.2021, 17:35:45 - INFO - Req!!!
25.10.2021, 17:35:45 - INFO - Req from: Moriya eldar
25.10.2021, 17:35:56 - WARN - Moriya eldar Attempt to perform admin action
25.10.2021, 17:36:21 - INFO - Server is running on port: 3030
25.10.2021, 17:36:25 - INFO - Req!!!
25.10.2021, 17:39:34 - INFO - Req!!!
25.10.2021, 17:39:45 - INFO - Server is running on port: 3030
25.10.2021, 17:39:50 - INFO - Req!!!
25.10.2021, 17:40:04 - INFO - Req!!!
25.10.2021, 17:41:19 - INFO - Req!!!
25.10.2021, 17:41:34 - INFO - Req!!!
25.10.2021, 17:42:13 - DEBUG - auth.service - login with username: Moriya
25.10.2021, 17:42:15 - INFO - Req!!!
25.10.2021, 17:42:15 - INFO - Req from: Moriya eldar
25.10.2021, 17:42:23 - WARN - Moriya eldar Attempt to perform admin action
25.10.2021, 17:57:06 - INFO - Req!!!
25.10.2021, 17:57:06 - INFO - Req from: Moriya eldar
25.10.2021, 17:57:16 - WARN - Moriya eldar Attempt to perform admin action
25.10.2021, 21:53:50 - INFO - Server is running on port: 3030
25.10.2021, 21:55:23 - INFO - Req!!!
25.10.2021, 21:55:27 - INFO - Req!!!
25.10.2021, 21:55:28 - INFO - Req!!!
25.10.2021, 21:55:30 - INFO - Req!!!
25.10.2021, 21:55:35 - DEBUG - auth.service - login with username: Moriya
25.10.2021, 21:55:37 - INFO - Req!!!
25.10.2021, 21:55:37 - INFO - Req from: Moriya eldar
25.10.2021, 22:02:25 - DEBUG - auth.service - login with username: M
25.10.2021, 22:02:28 - INFO - Req!!!
25.10.2021, 22:02:28 - INFO - Req from: Moriya Eldar
25.10.2021, 22:02:50 - INFO - Req!!!
25.10.2021, 22:02:50 - INFO - Req from: Moriya Eldar
25.10.2021, 22:02:55 - INFO - Req!!!
25.10.2021, 22:02:55 - INFO - Req from: Moriya Eldar
25.10.2021, 22:02:56 - INFO - Req!!!
25.10.2021, 22:02:56 - INFO - Req from: Moriya Eldar
25.10.2021, 22:02:59 - INFO - Req!!!
25.10.2021, 22:02:59 - INFO - Req from: Moriya Eldar
25.10.2021, 22:03:03 - INFO - Req!!!
25.10.2021, 22:03:03 - INFO - Req from: Moriya Eldar
25.10.2021, 22:03:07 - INFO - Req!!!
25.10.2021, 22:03:07 - INFO - Req from: Moriya Eldar
25.10.2021, 22:04:28 - INFO - Req!!!
25.10.2021, 22:04:28 - INFO - Req from: Moriya Eldar
25.10.2021, 22:04:30 - INFO - Req!!!
25.10.2021, 22:04:30 - INFO - Req from: Moriya Eldar
25.10.2021, 22:04:41 - INFO - Req!!!
25.10.2021, 22:04:41 - INFO - Req from: Moriya Eldar
25.10.2021, 22:04:46 - INFO - Req!!!
25.10.2021, 22:04:46 - INFO - Req from: Moriya Eldar
25.10.2021, 22:04:53 - INFO - Req!!!
25.10.2021, 22:04:53 - INFO - Req from: Moriya Eldar
25.10.2021, 22:05:30 - INFO - Req!!!
25.10.2021, 22:05:30 - INFO - Req from: Moriya Eldar
25.10.2021, 22:05:33 - INFO - Req!!!
25.10.2021, 22:05:33 - INFO - Req from: Moriya Eldar
25.10.2021, 22:05:45 - INFO - Req!!!
25.10.2021, 22:05:45 - INFO - Req from: Moriya Eldar
25.10.2021, 22:06:22 - INFO - Req!!!
25.10.2021, 22:06:22 - INFO - Req from: Moriya Eldar
25.10.2021, 22:07:05 - INFO - Req!!!
25.10.2021, 22:07:05 - INFO - Req from: Moriya Eldar
25.10.2021, 22:07:05 - INFO - Req!!!
25.10.2021, 22:07:05 - INFO - Req from: Moriya Eldar
25.10.2021, 22:07:13 - INFO - Req!!!
25.10.2021, 22:07:13 - INFO - Req from: Moriya Eldar
5.4.2022, 19:26:09 - INFO - Server is running on port: 3030
5.4.2022, 19:34:19 - INFO - Req!!!
7.4.2022, 18:55:26 - INFO - Server is running on port: 3030
8.4.2022, 15:07:47 - INFO - Server is running on port: 3030
12.4.2022, 10:11:51 - INFO - Server is running on port: 3030
16.4.2022, 21:26:56 - INFO - Server is running on port: 3030
17.4.2022, 19:18:01 - INFO - Server is running on port: 3030
17.4.2022, 21:30:46 - INFO - Server is running on port: 3030
20.4.2022, 15:09:19 - INFO - Server is running on port: 3030
21.4.2022, 14:43:54 - INFO - Server is running on port: 3030
24.4.2022, 18:26:31 - INFO - Server is running on port: 3030
25.4.2022, 20:49:04 - INFO - Server is running on port: 3030
27.4.2022, 19:18:12 - INFO - Server is running on port: 3030
27.4.2022, 21:17:54 - INFO - Server is running on port: 3030
27.4.2022, 21:18:08 - ERROR - cannot insert wish | {}
27.4.2022, 21:18:08 - ERROR - Failed to add wish | {}
27.4.2022, 21:20:37 - ERROR - cannot insert wish | {}
27.4.2022, 21:20:37 - ERROR - Failed to add wish | {}
27.4.2022, 21:24:01 - INFO - Server is running on port: 3030
27.4.2022, 21:24:27 - ERROR - cannot insert wish | {}
27.4.2022, 21:24:27 - ERROR - Failed to add wish | {}
27.4.2022, 21:26:04 - INFO - Server is running on port: 3030
27.4.2022, 21:26:33 - ERROR - cannot insert wish | {}
27.4.2022, 21:26:33 - ERROR - Failed to add wish | {}
27.4.2022, 21:38:19 - INFO - Server is running on port: 3030
27.4.2022, 21:38:50 - ERROR - cannot insert wish | {}
27.4.2022, 21:38:50 - ERROR - Failed to add wish | {}
27.4.2022, 21:41:31 - INFO - Server is running on port: 3030
27.4.2022, 21:42:14 - ERROR - cannot insert wish | {"driver":true,"name":"MongoError","index":0,"code":61,"errmsg":"document does not contain shard key at '&'"}
27.4.2022, 21:42:14 - ERROR - Failed to add wish | {"driver":true,"name":"MongoError","index":0,"code":61,"errmsg":"document does not contain shard key at '&'"}
27.4.2022, 21:49:21 - INFO - Server is running on port: 3030
29.4.2022, 17:38:32 - INFO - Server is running on port: 3030
3.5.2022, 23:14:04 - INFO - Server is running on port: 3030
4.5.2022, 12:43:40 - INFO - Server is running on port: 3030
6.5.2022, 10:52:44 - INFO - Server is running on port: 3030
                                                                                                                                                                                                                                                                                                                                                                                                                                                                                                                                                                                                                                                                                                                                                                                                                                                                                                                                                                                                                                                                                                                                                                                                                                                                                                                                                                                                                                                            10.5.2022, 19:31:11 - INFO - Server is running on port: 3030
12.5.2022, 20:47:03 - INFO - Server is running on port: 3030
12.5.2022, 21:39:44 - ERROR - cannot insert wish | {"name":"MongoServerSelectionError","reason":{"type":"Single","setName":null,"maxSetVersion":null,"maxElectionId":null,"servers":{},"stale":false,"compatible":true,"compatibilityError":null,"logicalSessionTimeoutMinutes":null,"heartbeatFrequencyMS":10000,"localThresholdMS":15,"commonWireVersion":7}}
12.5.2022, 21:39:44 - ERROR - Failed to add wish | {"name":"MongoServerSelectionError","reason":{"type":"Single","setName":null,"maxSetVersion":null,"maxElectionId":null,"servers":{},"stale":false,"compatible":true,"compatibilityError":null,"logicalSessionTimeoutMinutes":null,"heartbeatFrequencyMS":10000,"localThresholdMS":15,"commonWireVersion":7}}
12.5.2022, 21:39:44 - ERROR - cannot insert wish | {"name":"MongoServerSelectionError","reason":{"type":"Single","setName":null,"maxSetVersion":null,"maxElectionId":null,"servers":{},"stale":false,"compatible":true,"compatibilityError":null,"logicalSessionTimeoutMinutes":null,"heartbeatFrequencyMS":10000,"localThresholdMS":15,"commonWireVersion":7}}
12.5.2022, 21:39:44 - ERROR - Failed to add wish | {"name":"MongoServerSelectionError","reason":{"type":"Single","setName":null,"maxSetVersion":null,"maxElectionId":null,"servers":{},"stale":false,"compatible":true,"compatibilityError":null,"logicalSessionTimeoutMinutes":null,"heartbeatFrequencyMS":10000,"localThresholdMS":15,"commonWireVersion":7}}
13.5.2022, 13:09:22 - INFO - Server is running on port: 3030
14.5.2022, 22:51:15 - INFO - Server is running on port: 3030
15.5.2022, 17:11:52 - INFO - Server is running on port: 3030
